<?xml version="1.0" encoding="UTF-8"?>
<testng-results ignored="0" total="1" passed="1" failed="0" skipped="0">
  <reporter-output>
  </reporter-output>
  <suite started-at="2023-08-11T15:44:19 ART" name="Default suite" finished-at="2023-08-11T15:44:19 ART" duration-ms="95">
    <groups>
    </groups>
    <test started-at="2023-08-11T15:44:19 ART" name="Default test" finished-at="2023-08-11T15:44:19 ART" duration-ms="95">
      <class name="anotations.AnotacionesBase">
        <test-method is-config="true" signature="codigoAntesClase()[pri:0, instance:anotations.AnotacionesBase@202b0582]" started-at="2023-08-11T15:44:19 ART" name="codigoAntesClase" finished-at="2023-08-11T15:44:19 ART" duration-ms="26" status="PASS">
          <reporter-output>
          </reporter-output>
        </test-method> <!-- codigoAntesClase -->
        <test-method signature="codigoDelaPrueba()[pri:0, instance:anotations.AnotacionesBase@202b0582]" started-at="2023-08-11T15:44:19 ART" name="codigoDelaPrueba" finished-at="2023-08-11T15:44:19 ART" duration-ms="7" status="PASS">
          <reporter-output>
          </reporter-output>
        </test-method> <!-- codigoDelaPrueba -->
        <test-method is-config="true" signature="codigoDespuesClase()[pri:0, instance:anotations.AnotacionesBase@202b0582]" started-at="2023-08-11T15:44:19 ART" name="codigoDespuesClase" finished-at="2023-08-11T15:44:19 ART" duration-ms="1" status="PASS">
          <reporter-output>
          </reporter-output>
        </test-method> <!-- codigoDespuesClase -->
      </class> <!-- anotations.AnotacionesBase -->
    </test> <!-- Default test -->
  </suite> <!-- Default suite -->
</testng-results>
