<?xml version="1.0" encoding="UTF-8"?>
<testng-results ignored="0" total="1" passed="1" failed="0" skipped="0">
  <reporter-output>
  </reporter-output>
  <suite started-at="2023-08-16T20:25:01 ART" name="Default suite" finished-at="2023-08-16T20:26:40 ART" duration-ms="99052">
    <groups>
    </groups>
    <test started-at="2023-08-16T20:25:01 ART" name="Default test" finished-at="2023-08-16T20:26:40 ART" duration-ms="99052">
      <class name="testcase.FormularioContacto">
        <test-method is-config="true" signature="openBrowser()[pri:0, instance:testcase.FormularioContacto@5fad41be]" started-at="2023-08-16T20:25:01 ART" name="openBrowser" finished-at="2023-08-16T20:25:03 ART" duration-ms="2386" status="PASS">
          <reporter-output>
          </reporter-output>
        </test-method> <!-- openBrowser -->
        <test-method signature="aplicarDataForm()[pri:0, instance:testcase.FormularioContacto@5fad41be]" started-at="2023-08-16T20:25:03 ART" name="aplicarDataForm" finished-at="2023-08-16T20:26:40 ART" duration-ms="96513" status="PASS">
          <reporter-output>
          </reporter-output>
        </test-method> <!-- aplicarDataForm -->
        <test-method is-config="true" signature="closeBrowser()[pri:0, instance:testcase.FormularioContacto@5fad41be]" started-at="2023-08-16T20:26:40 ART" name="closeBrowser" finished-at="2023-08-16T20:26:40 ART" duration-ms="107" status="PASS">
          <reporter-output>
          </reporter-output>
        </test-method> <!-- closeBrowser -->
      </class> <!-- testcase.FormularioContacto -->
    </test> <!-- Default test -->
  </suite> <!-- Default suite -->
</testng-results>
