<?xml version="1.0" encoding="UTF-8"?>
<!-- Generated by org.testng.reporters.JUnitXMLReporter -->
<testsuite ignored="0" hostname="DESKTOP-0UIJTDU" failures="0" tests="10" name="Casos de prueba anotacion" time="0.122" errors="0" timestamp="2023-08-14T12:14:17 ART">
  <testcase classname="anotations.AnotationesBase" name="pruebaUno" time="0.008"/>
  <testcase classname="anotations.AnotationesBase" name="pruebaDos" time="0.002"/>
  <testcase classname="anotations.SegundoSet" name="clickAlCarrito" time="0.002"/>
  <testcase classname="anotations.SegundoSet" name="clickAlCarrito" time="0.001"/>
  <testcase classname="anotations.SegundoSet" name="clickAlCarrito" time="0.001"/>
  <testcase classname="anotations.SegundoSet" name="clickAlHome" time="0.002"/>
  <testcase classname="anotations.SegundoSet" name="clickAlUsuario" time="0.001"/>
  <testcase classname="anotations.SegundoSet" name="pruebaCinco" time="0.001"/>
  <testcase classname="anotations.SegundoSet" name="pruebaTres" time="0.002"/>
  <testcase classname="anotations.SegundoSet" name="pruebaCuatro" time="0.001"/>
</testsuite> <!-- Casos de prueba anotacion -->
