<?xml version="1.0" encoding="UTF-8"?>
<!-- Generated by org.testng.reporters.JUnitXMLReporter -->
<testsuite ignored="0" hostname="DESKTOP-0UIJTDU" failures="0" tests="3" name="Default test" time="0.077" errors="0" timestamp="2023-08-14T09:55:04 ART">
  <testcase classname="anotations.SegundoSet" name="pruebaCinco" time="0.008"/>
  <testcase classname="anotations.SegundoSet" name="pruebaTres" time="0.002"/>
  <testcase classname="anotations.SegundoSet" name="pruebaCuatro" time="0.002"/>
</testsuite> <!-- Default test -->
